<?xml version="1.0" encoding="UTF-8"?>
<testng-results ignored="0" total="1" passed="1" failed="0" skipped="0">
  <reporter-output>
  </reporter-output>
  <suite started-at="2024-07-16T23:18:50 EDT" name="Default suite" finished-at="2024-07-16T23:18:53 EDT" duration-ms="3115">
    <groups>
    </groups>
    <test started-at="2024-07-16T23:18:50 EDT" name="Default test" finished-at="2024-07-16T23:18:53 EDT" duration-ms="3115">
      <class name="tests.LoginPageTest">
        <test-method is-config="true" signature="setUp()[pri:0, instance:tests.LoginPageTest@815b41f]" started-at="2024-07-16T23:18:48 EDT" name="setUp" finished-at="2024-07-16T23:18:50 EDT" duration-ms="1802" status="PASS">
          <reporter-output>
          </reporter-output>
        </test-method> <!-- setUp -->
        <test-method signature="loginTest()[pri:0, instance:tests.LoginPageTest@815b41f]" started-at="2024-07-16T23:18:50 EDT" name="loginTest" finished-at="2024-07-16T23:18:53 EDT" duration-ms="3072" status="PASS">
          <reporter-output>
          </reporter-output>
        </test-method> <!-- loginTest -->
        <test-method is-config="true" signature="tearDown()[pri:0, instance:tests.LoginPageTest@815b41f]" started-at="2024-07-16T23:18:53 EDT" name="tearDown" finished-at="2024-07-16T23:18:53 EDT" duration-ms="197" status="PASS">
          <reporter-output>
          </reporter-output>
        </test-method> <!-- tearDown -->
      </class> <!-- tests.LoginPageTest -->
    </test> <!-- Default test -->
  </suite> <!-- Default suite -->
</testng-results>
